<?xml version="1.0" encoding="UTF-8"?>
<TestRun id="6d648d10-d12c-4619-a9f5-2dcc03fe095d" name="RichardM@LTRICHARDM 2012-01-27 16:08:39" runUser="CORP\RichardM" xmlns="http://microsoft.com/schemas/VisualStudio/TeamTest/2010">
  <TestSettings name="TestSettings1" id="b9022bd2-ce42-43f0-9a40-c773c8d5ab86">
    <Description>These are default test settings for a local test run.</Description>
    <Deployment runDeploymentRoot="RichardM_LTRICHARDM 2012-01-27 16_08_39">
      <DeploymentItem filename="c:\users\richardm\documents\visual studio 2010\Projects\UnitTestingSample\MvcWebRole1\bin\MvcWebRole1.dll" />
      <DeploymentItem filename="MvcWebRole1.Tests\Scripts\" />
      <DeploymentItem filename="c:\users\richardm\documents\visual studio 2010\Projects\UnitTestingSample\BusiniessEntities\bin\Debug\BusiniessEntities.dll" />
      <DeploymentItem filename="c:\users\richardm\documents\visual studio 2010\Projects\UnitTestingSample\ServiceLayer\bin\Debug\ServiceLayer.dll" />
    </Deployment>
    <Execution>
      <TestTypeSpecific>
        <UnitTestRunConfig testTypeId="13cdc9d9-ddb5-4fa4-a97d-d965ccfc6d4b">
          <AssemblyResolution>
            <TestDirectory useLoadContext="true" />
          </AssemblyResolution>
        </UnitTestRunConfig>
        <WebTestRunConfiguration testTypeId="4e7599fa-5ecb-43e9-a887-cd63cf72d207">
          <Browser name="Internet Explorer 7.0">
            <Headers>
              <Header name="User-Agent" value="Mozilla/4.0 (compatible; MSIE 7.0; Windows NT 5.1)" />
              <Header name="Accept" value="*/*" />
              <Header name="Accept-Language" value="{{$IEAcceptLanguage}}" />
              <Header name="Accept-Encoding" value="GZIP" />
            </Headers>
          </Browser>
        </WebTestRunConfiguration>
      </TestTypeSpecific>
      <AgentRule name="LocalMachineDefaultRole">
      </AgentRule>
    </Execution>
  </TestSettings>
  <Times creation="2012-01-27T16:08:39.2139486-05:00" queuing="2012-01-27T16:08:39.4039676-05:00" start="2012-01-27T16:08:39.4439716-05:00" finish="2012-01-27T16:08:39.8620134-05:00" />
  <ResultSummary outcome="Failed">
    <Counters total="1" executed="1" error="0" failed="1" timeout="0" aborted="0" inconclusive="0" passedButRunAborted="0" notRunnable="0" notExecuted="0" disconnected="0" warning="0" passed="0" completed="0" inProgress="0" pending="0" />
  </ResultSummary>
  <TestDefinitions>
    <UnitTest name="TestJsSyntax" storage="c:\users\richardm\documents\visual studio 2010\projects\unittestingsample\mvcwebrole1.tests\bin\debug\mvcwebrole1.tests.dll" id="658e6f7d-07c9-c224-8d10-81bd5d039d18">
      <Execution id="f61083ef-b5c3-48dd-bd33-acb0441b212e" />
      <TestMethod codeBase="c:/users/richardm/documents/visual studio 2010/Projects/UnitTestingSample/MvcWebRole1.Tests/bin/Debug/MvcWebRole1.Tests.DLL" adapterTypeName="Microsoft.VisualStudio.TestTools.TestTypes.Unit.UnitTestAdapter, Microsoft.VisualStudio.QualityTools.Tips.UnitTest.Adapter, Version=10.0.0.0, Culture=neutral, PublicKeyToken=b03f5f7f11d50a3a" className="MvcWebRole1.Tests.Scripts.MathUnitTests, MvcWebRole1.Tests, Version=1.0.0.0, Culture=neutral, PublicKeyToken=null" name="TestJsSyntax" />
    </UnitTest>
  </TestDefinitions>
  <TestLists>
    <TestList name="Results Not in a List" id="8c84fa94-04c1-424b-9868-57a2d4851a1d" />
    <TestList name="All Loaded Results" id="19431567-8539-422a-85d7-44ee4e166bda" />
  </TestLists>
  <TestEntries>
    <TestEntry testId="658e6f7d-07c9-c224-8d10-81bd5d039d18" executionId="f61083ef-b5c3-48dd-bd33-acb0441b212e" testListId="8c84fa94-04c1-424b-9868-57a2d4851a1d" />
  </TestEntries>
  <Results>
    <UnitTestResult executionId="f61083ef-b5c3-48dd-bd33-acb0441b212e" testId="658e6f7d-07c9-c224-8d10-81bd5d039d18" testName="TestJsSyntax" computerName="LTRICHARDM" duration="00:00:00.0433787" startTime="2012-01-27T16:08:39.4519724-05:00" endTime="2012-01-27T16:08:39.8460118-05:00" testType="13cdc9d9-ddb5-4fa4-a97d-d965ccfc6d4b" outcome="Failed" testListId="8c84fa94-04c1-424b-9868-57a2d4851a1d" relativeResultsDirectory="f61083ef-b5c3-48dd-bd33-acb0441b212e">
      <Output>
        <ErrorInfo>
          <Message>Test method MvcWebRole1.Tests.Scripts.MathUnitTests.TestJsSyntax threw exception: 
System.Runtime.InteropServices.COMException: Expected '}'</Message>
          <StackTrace>    at MSScriptControl.IScriptControl.AddCode(String Code)
   at MvcWebRole1.Tests.Scripts.JavaScriptTestHelper.LoadFile(String path) in c:\users\richardm\documents\visual studio 2010\Projects\UnitTestingSample\MvcWebRole1.Tests\Scripts\JavaScriptTestHelpers.cs:line 40
   at MvcWebRole1.Tests.Scripts.MathUnitTests.TestJsSyntax() in c:\users\richardm\documents\visual studio 2010\Projects\UnitTestingSample\MvcWebRole1.Tests\Scripts\MathUnitTests.cs:line 69
</StackTrace>
        </ErrorInfo>
      </Output>
    </UnitTestResult>
  </Results>
</TestRun>