<?xml version="1.0" encoding="UTF-8"?>
<TestRun id="db5a8142-415e-4a2c-9802-176bdd3cbc80" name="RichardM@LTRICHARDM 2012-01-27 15:19:26" runUser="CORP\RichardM" xmlns="http://microsoft.com/schemas/VisualStudio/TeamTest/2010">
  <TestSettings name="TestSettings1" id="b9022bd2-ce42-43f0-9a40-c773c8d5ab86">
    <Description>These are default test settings for a local test run.</Description>
    <Deployment runDeploymentRoot="RichardM_LTRICHARDM 2012-01-27 15_19_26">
      <DeploymentItem filename="c:\users\richardm\documents\visual studio 2010\Projects\UnitTestingSample\MvcWebRole1\bin\MvcWebRole1.dll" />
      <DeploymentItem filename="MvcWebRole1.Tests\Scripts\" />
      <DeploymentItem filename="c:\users\richardm\documents\visual studio 2010\Projects\UnitTestingSample\BusiniessEntities\bin\Debug\BusiniessEntities.dll" />
      <DeploymentItem filename="c:\users\richardm\documents\visual studio 2010\Projects\UnitTestingSample\ServiceLayer\bin\Debug\ServiceLayer.dll" />
    </Deployment>
    <Execution>
      <TestTypeSpecific>
        <UnitTestRunConfig testTypeId="13cdc9d9-ddb5-4fa4-a97d-d965ccfc6d4b">
          <AssemblyResolution>
            <TestDirectory useLoadContext="true" />
          </AssemblyResolution>
        </UnitTestRunConfig>
        <WebTestRunConfiguration testTypeId="4e7599fa-5ecb-43e9-a887-cd63cf72d207">
          <Browser name="Internet Explorer 7.0">
            <Headers>
              <Header name="User-Agent" value="Mozilla/4.0 (compatible; MSIE 7.0; Windows NT 5.1)" />
              <Header name="Accept" value="*/*" />
              <Header name="Accept-Language" value="{{$IEAcceptLanguage}}" />
              <Header name="Accept-Encoding" value="GZIP" />
            </Headers>
          </Browser>
        </WebTestRunConfiguration>
      </TestTypeSpecific>
      <AgentRule name="LocalMachineDefaultRole">
      </AgentRule>
    </Execution>
  </TestSettings>
  <Times creation="2012-01-27T15:19:26.1256693-05:00" queuing="2012-01-27T15:19:27.7478315-05:00" start="2012-01-27T15:19:28.0808648-05:00" finish="2012-01-27T15:19:59.8680432-05:00" />
  <ResultSummary outcome="Failed">
    <Counters total="4" executed="4" passed="3" error="0" failed="1" timeout="0" aborted="0" inconclusive="0" passedButRunAborted="0" notRunnable="0" notExecuted="0" disconnected="0" warning="0" completed="0" inProgress="0" pending="0" />
  </ResultSummary>
  <TestDefinitions>
    <UnitTest name="Index" storage="c:\users\richardm\documents\visual studio 2010\projects\unittestingsample\mvcwebrole1.tests\bin\debug\mvcwebrole1.tests.dll" id="c5837eb8-4f9f-bb3d-b390-1b51c70134c9">
      <Execution id="839674e8-1910-4294-9d64-9d86cd1d1e6a" />
      <TestMethod codeBase="c:/users/richardm/documents/visual studio 2010/Projects/UnitTestingSample/MvcWebRole1.Tests/bin/Debug/MvcWebRole1.Tests.DLL" adapterTypeName="Microsoft.VisualStudio.TestTools.TestTypes.Unit.UnitTestAdapter, Microsoft.VisualStudio.QualityTools.Tips.UnitTest.Adapter, Version=10.0.0.0, Culture=neutral, PublicKeyToken=b03f5f7f11d50a3a" className="MvcWebRole1.Tests.Controllers.HomeControllerTest, MvcWebRole1.Tests, Version=1.0.0.0, Culture=neutral, PublicKeyToken=null" name="Index" />
    </UnitTest>
    <UnitTest name="TestMethod1" storage="c:\users\richardm\documents\visual studio 2010\projects\unittestingsample\mvcwebrole1.tests\bin\debug\mvcwebrole1.tests.dll" id="40a235ea-a660-afed-e385-02b2a861971f">
      <Execution id="e34256b0-8792-4bfd-9a61-b91cd71d04b5" />
      <TestMethod codeBase="c:/users/richardm/documents/visual studio 2010/Projects/UnitTestingSample/MvcWebRole1.Tests/bin/Debug/MvcWebRole1.Tests.DLL" adapterTypeName="Microsoft.VisualStudio.TestTools.TestTypes.Unit.UnitTestAdapter, Microsoft.VisualStudio.QualityTools.Tips.UnitTest.Adapter, Version=10.0.0.0, Culture=neutral, PublicKeyToken=b03f5f7f11d50a3a" className="MvcWebRole1.Tests.Services.ServicesTests, MvcWebRole1.Tests, Version=1.0.0.0, Culture=neutral, PublicKeyToken=null" name="TestMethod1" />
    </UnitTest>
    <UnitTest name="About" storage="c:\users\richardm\documents\visual studio 2010\projects\unittestingsample\mvcwebrole1.tests\bin\debug\mvcwebrole1.tests.dll" id="524b53cc-3b76-8996-3740-bbb09098c872">
      <Execution id="f0f3e964-5566-4aad-b8e1-dc32c04df39a" />
      <TestMethod codeBase="c:/users/richardm/documents/visual studio 2010/Projects/UnitTestingSample/MvcWebRole1.Tests/bin/Debug/MvcWebRole1.Tests.DLL" adapterTypeName="Microsoft.VisualStudio.TestTools.TestTypes.Unit.UnitTestAdapter, Microsoft.VisualStudio.QualityTools.Tips.UnitTest.Adapter, Version=10.0.0.0, Culture=neutral, PublicKeyToken=b03f5f7f11d50a3a" className="MvcWebRole1.Tests.Controllers.HomeControllerTest, MvcWebRole1.Tests, Version=1.0.0.0, Culture=neutral, PublicKeyToken=null" name="About" />
    </UnitTest>
    <UnitTest name="TestAddNumbers" storage="c:\users\richardm\documents\visual studio 2010\projects\unittestingsample\mvcwebrole1.tests\bin\debug\mvcwebrole1.tests.dll" id="3f2cdce8-9ccd-2cd9-3718-edbdc6b48b1f">
      <Execution id="da201960-0f7f-4a16-a18b-7888df8903eb" />
      <TestMethod codeBase="c:/users/richardm/documents/visual studio 2010/Projects/UnitTestingSample/MvcWebRole1.Tests/bin/Debug/MvcWebRole1.Tests.DLL" adapterTypeName="Microsoft.VisualStudio.TestTools.TestTypes.Unit.UnitTestAdapter, Microsoft.VisualStudio.QualityTools.Tips.UnitTest.Adapter, Version=10.0.0.0, Culture=neutral, PublicKeyToken=b03f5f7f11d50a3a" className="MvcWebRole1.Tests.Scripts.MathUnitTests, MvcWebRole1.Tests, Version=1.0.0.0, Culture=neutral, PublicKeyToken=null" name="TestAddNumbers" />
    </UnitTest>
  </TestDefinitions>
  <TestLists>
    <TestList name="Results Not in a List" id="8c84fa94-04c1-424b-9868-57a2d4851a1d" />
    <TestList name="All Loaded Results" id="19431567-8539-422a-85d7-44ee4e166bda" />
  </TestLists>
  <TestEntries>
    <TestEntry testId="3f2cdce8-9ccd-2cd9-3718-edbdc6b48b1f" executionId="da201960-0f7f-4a16-a18b-7888df8903eb" testListId="8c84fa94-04c1-424b-9868-57a2d4851a1d" />
    <TestEntry testId="40a235ea-a660-afed-e385-02b2a861971f" executionId="e34256b0-8792-4bfd-9a61-b91cd71d04b5" testListId="8c84fa94-04c1-424b-9868-57a2d4851a1d" />
    <TestEntry testId="524b53cc-3b76-8996-3740-bbb09098c872" executionId="f0f3e964-5566-4aad-b8e1-dc32c04df39a" testListId="8c84fa94-04c1-424b-9868-57a2d4851a1d" />
    <TestEntry testId="c5837eb8-4f9f-bb3d-b390-1b51c70134c9" executionId="839674e8-1910-4294-9d64-9d86cd1d1e6a" testListId="8c84fa94-04c1-424b-9868-57a2d4851a1d" />
  </TestEntries>
  <Results>
    <UnitTestResult executionId="da201960-0f7f-4a16-a18b-7888df8903eb" testId="3f2cdce8-9ccd-2cd9-3718-edbdc6b48b1f" testName="TestAddNumbers" computerName="LTRICHARDM" duration="00:00:29.3855256" startTime="2012-01-27T15:19:28.2518819-05:00" endTime="2012-01-27T15:19:59.4420006-05:00" testType="13cdc9d9-ddb5-4fa4-a97d-d965ccfc6d4b" outcome="Failed" testListId="8c84fa94-04c1-424b-9868-57a2d4851a1d" relativeResultsDirectory="da201960-0f7f-4a16-a18b-7888df8903eb">
      <Output>
        <ErrorInfo>
          <Message>Object expected</Message>
          <StackTrace>   at MvcWebRole1.Tests.Scripts.JavaScriptTestHelper.ExecuteTest(String testMethodName) in c:\users\richardm\documents\visual studio 2010\Projects\UnitTestingSample\MvcWebRole1.Tests\Scripts\JavaScriptTestHelpers.cs:line 70
   at MvcWebRole1.Tests.Scripts.MathUnitTests.TestAddNumbers() in c:\users\richardm\documents\visual studio 2010\Projects\UnitTestingSample\MvcWebRole1.Tests\Scripts\MathUnitTests.cs:line 75
</StackTrace>
        </ErrorInfo>
        <TextMessages>
          <Message>Microsoft JScript runtime error 
Line: 4 Column: 4</Message>
        </TextMessages>
      </Output>
    </UnitTestResult>
    <UnitTestResult executionId="e34256b0-8792-4bfd-9a61-b91cd71d04b5" testId="40a235ea-a660-afed-e385-02b2a861971f" testName="TestMethod1" computerName="LTRICHARDM" duration="00:00:00.0002362" startTime="2012-01-27T15:19:59.4560020-05:00" endTime="2012-01-27T15:19:59.4610025-05:00" testType="13cdc9d9-ddb5-4fa4-a97d-d965ccfc6d4b" outcome="Passed" testListId="8c84fa94-04c1-424b-9868-57a2d4851a1d" relativeResultsDirectory="e34256b0-8792-4bfd-9a61-b91cd71d04b5">
    </UnitTestResult>
    <UnitTestResult executionId="f0f3e964-5566-4aad-b8e1-dc32c04df39a" testId="524b53cc-3b76-8996-3740-bbb09098c872" testName="About" computerName="LTRICHARDM" duration="00:00:00.0885815" startTime="2012-01-27T15:19:59.4760040-05:00" endTime="2012-01-27T15:19:59.5690133-05:00" testType="13cdc9d9-ddb5-4fa4-a97d-d965ccfc6d4b" outcome="Passed" testListId="8c84fa94-04c1-424b-9868-57a2d4851a1d" relativeResultsDirectory="f0f3e964-5566-4aad-b8e1-dc32c04df39a">
    </UnitTestResult>
    <UnitTestResult executionId="839674e8-1910-4294-9d64-9d86cd1d1e6a" testId="c5837eb8-4f9f-bb3d-b390-1b51c70134c9" testName="Index" computerName="LTRICHARDM" duration="00:00:00.2268863" startTime="2012-01-27T15:19:59.5730137-05:00" endTime="2012-01-27T15:19:59.8040368-05:00" testType="13cdc9d9-ddb5-4fa4-a97d-d965ccfc6d4b" outcome="Passed" testListId="8c84fa94-04c1-424b-9868-57a2d4851a1d" relativeResultsDirectory="839674e8-1910-4294-9d64-9d86cd1d1e6a">
    </UnitTestResult>
  </Results>
</TestRun>