<?xml version="1.0" encoding="UTF-8"?>
<TestRun id="db56e6e2-707e-4b30-a831-b9599de67d7b" name="RichardM@LTRICHARDM 2012-01-27 15:26:51" runUser="CORP\RichardM" xmlns="http://microsoft.com/schemas/VisualStudio/TeamTest/2010">
  <TestSettings name="TestSettings1" id="b9022bd2-ce42-43f0-9a40-c773c8d5ab86">
    <Description>These are default test settings for a local test run.</Description>
    <Deployment runDeploymentRoot="RichardM_LTRICHARDM 2012-01-27 15_26_51">
      <DeploymentItem filename="c:\users\richardm\documents\visual studio 2010\Projects\UnitTestingSample\MvcWebRole1\bin\MvcWebRole1.dll" />
      <DeploymentItem filename="MvcWebRole1.Tests\Scripts\" />
      <DeploymentItem filename="c:\users\richardm\documents\visual studio 2010\Projects\UnitTestingSample\BusiniessEntities\bin\Debug\BusiniessEntities.dll" />
      <DeploymentItem filename="c:\users\richardm\documents\visual studio 2010\Projects\UnitTestingSample\ServiceLayer\bin\Debug\ServiceLayer.dll" />
    </Deployment>
    <Execution>
      <TestTypeSpecific>
        <UnitTestRunConfig testTypeId="13cdc9d9-ddb5-4fa4-a97d-d965ccfc6d4b">
          <AssemblyResolution>
            <TestDirectory useLoadContext="true" />
          </AssemblyResolution>
        </UnitTestRunConfig>
        <WebTestRunConfiguration testTypeId="4e7599fa-5ecb-43e9-a887-cd63cf72d207">
          <Browser name="Internet Explorer 7.0">
            <Headers>
              <Header name="User-Agent" value="Mozilla/4.0 (compatible; MSIE 7.0; Windows NT 5.1)" />
              <Header name="Accept" value="*/*" />
              <Header name="Accept-Language" value="{{$IEAcceptLanguage}}" />
              <Header name="Accept-Encoding" value="GZIP" />
            </Headers>
          </Browser>
        </WebTestRunConfiguration>
      </TestTypeSpecific>
      <AgentRule name="LocalMachineDefaultRole">
      </AgentRule>
    </Execution>
  </TestSettings>
  <Times creation="2012-01-27T15:26:51.2961819-05:00" queuing="2012-01-27T15:26:52.6863209-05:00" start="2012-01-27T15:26:52.9763499-05:00" finish="2012-01-27T15:27:13.6764197-05:00" />
  <ResultSummary outcome="Failed">
    <Counters total="5" executed="5" passed="4" error="0" failed="1" timeout="0" aborted="0" inconclusive="0" passedButRunAborted="0" notRunnable="0" notExecuted="0" disconnected="0" warning="0" completed="0" inProgress="0" pending="0" />
  </ResultSummary>
  <TestDefinitions>
    <UnitTest name="Index" storage="c:\users\richardm\documents\visual studio 2010\projects\unittestingsample\mvcwebrole1.tests\bin\debug\mvcwebrole1.tests.dll" id="c5837eb8-4f9f-bb3d-b390-1b51c70134c9">
      <Execution id="c3a1f40a-c465-4e35-919f-97ae3b8b5b22" />
      <TestMethod codeBase="c:/users/richardm/documents/visual studio 2010/Projects/UnitTestingSample/MvcWebRole1.Tests/bin/Debug/MvcWebRole1.Tests.DLL" adapterTypeName="Microsoft.VisualStudio.TestTools.TestTypes.Unit.UnitTestAdapter, Microsoft.VisualStudio.QualityTools.Tips.UnitTest.Adapter, Version=10.0.0.0, Culture=neutral, PublicKeyToken=b03f5f7f11d50a3a" className="MvcWebRole1.Tests.Controllers.HomeControllerTest, MvcWebRole1.Tests, Version=1.0.0.0, Culture=neutral, PublicKeyToken=null" name="Index" />
    </UnitTest>
    <UnitTest name="TestMethod1" storage="c:\users\richardm\documents\visual studio 2010\projects\unittestingsample\mvcwebrole1.tests\bin\debug\mvcwebrole1.tests.dll" id="40a235ea-a660-afed-e385-02b2a861971f">
      <Execution id="bd7fc834-73ef-4ea6-ad54-4e35220243e3" />
      <TestMethod codeBase="c:/users/richardm/documents/visual studio 2010/Projects/UnitTestingSample/MvcWebRole1.Tests/bin/Debug/MvcWebRole1.Tests.DLL" adapterTypeName="Microsoft.VisualStudio.TestTools.TestTypes.Unit.UnitTestAdapter, Microsoft.VisualStudio.QualityTools.Tips.UnitTest.Adapter, Version=10.0.0.0, Culture=neutral, PublicKeyToken=b03f5f7f11d50a3a" className="MvcWebRole1.Tests.Services.ServicesTests, MvcWebRole1.Tests, Version=1.0.0.0, Culture=neutral, PublicKeyToken=null" name="TestMethod1" />
    </UnitTest>
    <UnitTest name="About" storage="c:\users\richardm\documents\visual studio 2010\projects\unittestingsample\mvcwebrole1.tests\bin\debug\mvcwebrole1.tests.dll" id="524b53cc-3b76-8996-3740-bbb09098c872">
      <Execution id="ef3400c1-7084-4e2f-aaae-3f56554b8acd" />
      <TestMethod codeBase="c:/users/richardm/documents/visual studio 2010/Projects/UnitTestingSample/MvcWebRole1.Tests/bin/Debug/MvcWebRole1.Tests.DLL" adapterTypeName="Microsoft.VisualStudio.TestTools.TestTypes.Unit.UnitTestAdapter, Microsoft.VisualStudio.QualityTools.Tips.UnitTest.Adapter, Version=10.0.0.0, Culture=neutral, PublicKeyToken=b03f5f7f11d50a3a" className="MvcWebRole1.Tests.Controllers.HomeControllerTest, MvcWebRole1.Tests, Version=1.0.0.0, Culture=neutral, PublicKeyToken=null" name="About" />
    </UnitTest>
    <UnitTest name="TestAddNumbersSuccess" storage="c:\users\richardm\documents\visual studio 2010\projects\unittestingsample\mvcwebrole1.tests\bin\debug\mvcwebrole1.tests.dll" id="cf1f080a-ebbb-70ef-9e04-88ba7a25df0f">
      <Execution id="bc22bb0e-b705-43f9-97f1-9fec8299a826" />
      <TestMethod codeBase="c:/users/richardm/documents/visual studio 2010/Projects/UnitTestingSample/MvcWebRole1.Tests/bin/Debug/MvcWebRole1.Tests.DLL" adapterTypeName="Microsoft.VisualStudio.TestTools.TestTypes.Unit.UnitTestAdapter, Microsoft.VisualStudio.QualityTools.Tips.UnitTest.Adapter, Version=10.0.0.0, Culture=neutral, PublicKeyToken=b03f5f7f11d50a3a" className="MvcWebRole1.Tests.Scripts.MathUnitTests, MvcWebRole1.Tests, Version=1.0.0.0, Culture=neutral, PublicKeyToken=null" name="TestAddNumbersSuccess" />
    </UnitTest>
    <UnitTest name="TestAddNumbers" storage="c:\users\richardm\documents\visual studio 2010\projects\unittestingsample\mvcwebrole1.tests\bin\debug\mvcwebrole1.tests.dll" id="3f2cdce8-9ccd-2cd9-3718-edbdc6b48b1f">
      <Execution id="8b3afe3b-b47f-4724-adfc-a90d7be0829b" />
      <TestMethod codeBase="c:/users/richardm/documents/visual studio 2010/Projects/UnitTestingSample/MvcWebRole1.Tests/bin/Debug/MvcWebRole1.Tests.DLL" adapterTypeName="Microsoft.VisualStudio.TestTools.TestTypes.Unit.UnitTestAdapter, Microsoft.VisualStudio.QualityTools.Tips.UnitTest.Adapter, Version=10.0.0.0, Culture=neutral, PublicKeyToken=b03f5f7f11d50a3a" className="MvcWebRole1.Tests.Scripts.MathUnitTests, MvcWebRole1.Tests, Version=1.0.0.0, Culture=neutral, PublicKeyToken=null" name="TestAddNumbers" />
    </UnitTest>
  </TestDefinitions>
  <TestLists>
    <TestList name="Results Not in a List" id="8c84fa94-04c1-424b-9868-57a2d4851a1d" />
    <TestList name="All Loaded Results" id="19431567-8539-422a-85d7-44ee4e166bda" />
  </TestLists>
  <TestEntries>
    <TestEntry testId="3f2cdce8-9ccd-2cd9-3718-edbdc6b48b1f" executionId="8b3afe3b-b47f-4724-adfc-a90d7be0829b" testListId="8c84fa94-04c1-424b-9868-57a2d4851a1d" />
    <TestEntry testId="40a235ea-a660-afed-e385-02b2a861971f" executionId="bd7fc834-73ef-4ea6-ad54-4e35220243e3" testListId="8c84fa94-04c1-424b-9868-57a2d4851a1d" />
    <TestEntry testId="524b53cc-3b76-8996-3740-bbb09098c872" executionId="ef3400c1-7084-4e2f-aaae-3f56554b8acd" testListId="8c84fa94-04c1-424b-9868-57a2d4851a1d" />
    <TestEntry testId="c5837eb8-4f9f-bb3d-b390-1b51c70134c9" executionId="c3a1f40a-c465-4e35-919f-97ae3b8b5b22" testListId="8c84fa94-04c1-424b-9868-57a2d4851a1d" />
    <TestEntry testId="cf1f080a-ebbb-70ef-9e04-88ba7a25df0f" executionId="bc22bb0e-b705-43f9-97f1-9fec8299a826" testListId="8c84fa94-04c1-424b-9868-57a2d4851a1d" />
  </TestEntries>
  <Results>
    <UnitTestResult executionId="8b3afe3b-b47f-4724-adfc-a90d7be0829b" testId="3f2cdce8-9ccd-2cd9-3718-edbdc6b48b1f" testName="TestAddNumbers" computerName="LTRICHARDM" duration="00:00:18.3623062" startTime="2012-01-27T15:26:53.1363659-05:00" endTime="2012-01-27T15:27:13.3453866-05:00" testType="13cdc9d9-ddb5-4fa4-a97d-d965ccfc6d4b" outcome="Failed" testListId="8c84fa94-04c1-424b-9868-57a2d4851a1d" relativeResultsDirectory="8b3afe3b-b47f-4724-adfc-a90d7be0829b">
      <Output>
        <ErrorInfo>
          <Message>Expected value 4 is not equal to 5. addNumbers did not work!</Message>
          <StackTrace>   at MvcWebRole1.Tests.Scripts.JavaScriptTestHelper.ExecuteTest(String testMethodName) in c:\users\richardm\documents\visual studio 2010\Projects\UnitTestingSample\MvcWebRole1.Tests\Scripts\JavaScriptTestHelpers.cs:line 70
   at MvcWebRole1.Tests.Scripts.MathUnitTests.TestAddNumbers() in c:\users\richardm\documents\visual studio 2010\Projects\UnitTestingSample\MvcWebRole1.Tests\Scripts\MathUnitTests.cs:line 75
</StackTrace>
        </ErrorInfo>
        <TextMessages>
          <Message>Microsoft JScript runtime error 
Line: 7 Column: 12</Message>
        </TextMessages>
      </Output>
    </UnitTestResult>
    <UnitTestResult executionId="bd7fc834-73ef-4ea6-ad54-4e35220243e3" testId="40a235ea-a660-afed-e385-02b2a861971f" testName="TestMethod1" computerName="LTRICHARDM" duration="00:00:00.0002434" startTime="2012-01-27T15:27:13.3643885-05:00" endTime="2012-01-27T15:27:13.3683889-05:00" testType="13cdc9d9-ddb5-4fa4-a97d-d965ccfc6d4b" outcome="Passed" testListId="8c84fa94-04c1-424b-9868-57a2d4851a1d" relativeResultsDirectory="bd7fc834-73ef-4ea6-ad54-4e35220243e3">
    </UnitTestResult>
    <UnitTestResult executionId="ef3400c1-7084-4e2f-aaae-3f56554b8acd" testId="524b53cc-3b76-8996-3740-bbb09098c872" testName="About" computerName="LTRICHARDM" duration="00:00:00.0638906" startTime="2012-01-27T15:27:13.3823903-05:00" endTime="2012-01-27T15:27:13.4513972-05:00" testType="13cdc9d9-ddb5-4fa4-a97d-d965ccfc6d4b" outcome="Passed" testListId="8c84fa94-04c1-424b-9868-57a2d4851a1d" relativeResultsDirectory="ef3400c1-7084-4e2f-aaae-3f56554b8acd">
    </UnitTestResult>
    <UnitTestResult executionId="c3a1f40a-c465-4e35-919f-97ae3b8b5b22" testId="c5837eb8-4f9f-bb3d-b390-1b51c70134c9" testName="Index" computerName="LTRICHARDM" duration="00:00:00.1374123" startTime="2012-01-27T15:27:13.4563977-05:00" endTime="2012-01-27T15:27:13.5974118-05:00" testType="13cdc9d9-ddb5-4fa4-a97d-d965ccfc6d4b" outcome="Passed" testListId="8c84fa94-04c1-424b-9868-57a2d4851a1d" relativeResultsDirectory="c3a1f40a-c465-4e35-919f-97ae3b8b5b22">
    </UnitTestResult>
    <UnitTestResult executionId="bc22bb0e-b705-43f9-97f1-9fec8299a826" testId="cf1f080a-ebbb-70ef-9e04-88ba7a25df0f" testName="TestAddNumbersSuccess" computerName="LTRICHARDM" duration="00:00:00.0109964" startTime="2012-01-27T15:27:13.6024123-05:00" endTime="2012-01-27T15:27:13.6184139-05:00" testType="13cdc9d9-ddb5-4fa4-a97d-d965ccfc6d4b" outcome="Passed" testListId="8c84fa94-04c1-424b-9868-57a2d4851a1d" relativeResultsDirectory="bc22bb0e-b705-43f9-97f1-9fec8299a826">
    </UnitTestResult>
  </Results>
</TestRun>