<?xml version="1.0" encoding="UTF-8"?>
<TestRun id="92512b76-e7cd-4eb4-b6ea-8c9fe78996f4" name="RichardM@LTRICHARDM 2012-01-27 16:07:07" runUser="CORP\RichardM" xmlns="http://microsoft.com/schemas/VisualStudio/TeamTest/2010">
  <TestSettings name="TestSettings1" id="b9022bd2-ce42-43f0-9a40-c773c8d5ab86">
    <Description>These are default test settings for a local test run.</Description>
    <Deployment runDeploymentRoot="RichardM_LTRICHARDM 2012-01-27 16_07_07">
      <DeploymentItem filename="c:\users\richardm\documents\visual studio 2010\Projects\UnitTestingSample\MvcWebRole1\bin\MvcWebRole1.dll" />
      <DeploymentItem filename="MvcWebRole1.Tests\Scripts\" />
      <DeploymentItem filename="c:\users\richardm\documents\visual studio 2010\Projects\UnitTestingSample\BusiniessEntities\bin\Debug\BusiniessEntities.dll" />
      <DeploymentItem filename="c:\users\richardm\documents\visual studio 2010\Projects\UnitTestingSample\ServiceLayer\bin\Debug\ServiceLayer.dll" />
    </Deployment>
    <Execution>
      <TestTypeSpecific>
        <UnitTestRunConfig testTypeId="13cdc9d9-ddb5-4fa4-a97d-d965ccfc6d4b">
          <AssemblyResolution>
            <TestDirectory useLoadContext="true" />
          </AssemblyResolution>
        </UnitTestRunConfig>
        <WebTestRunConfiguration testTypeId="4e7599fa-5ecb-43e9-a887-cd63cf72d207">
          <Browser name="Internet Explorer 7.0">
            <Headers>
              <Header name="User-Agent" value="Mozilla/4.0 (compatible; MSIE 7.0; Windows NT 5.1)" />
              <Header name="Accept" value="*/*" />
              <Header name="Accept-Language" value="{{$IEAcceptLanguage}}" />
              <Header name="Accept-Encoding" value="GZIP" />
            </Headers>
          </Browser>
        </WebTestRunConfiguration>
      </TestTypeSpecific>
      <AgentRule name="LocalMachineDefaultRole">
      </AgentRule>
    </Execution>
  </TestSettings>
  <Times creation="2012-01-27T16:07:07.9788260-05:00" queuing="2012-01-27T16:07:09.3599641-05:00" start="2012-01-27T16:07:09.6539935-05:00" finish="2012-01-27T16:07:15.3775658-05:00" />
  <ResultSummary outcome="Failed">
    <Counters total="5" executed="5" passed="4" error="0" failed="1" timeout="0" aborted="0" inconclusive="0" passedButRunAborted="0" notRunnable="0" notExecuted="0" disconnected="0" warning="0" completed="0" inProgress="0" pending="0" />
  </ResultSummary>
  <TestDefinitions>
    <UnitTest name="Index" storage="c:\users\richardm\documents\visual studio 2010\projects\unittestingsample\mvcwebrole1.tests\bin\debug\mvcwebrole1.tests.dll" id="c5837eb8-4f9f-bb3d-b390-1b51c70134c9">
      <Execution id="482bff4f-ca04-42d7-8bc8-a69a2be65bd9" />
      <TestMethod codeBase="c:/users/richardm/documents/visual studio 2010/Projects/UnitTestingSample/MvcWebRole1.Tests/bin/Debug/MvcWebRole1.Tests.DLL" adapterTypeName="Microsoft.VisualStudio.TestTools.TestTypes.Unit.UnitTestAdapter, Microsoft.VisualStudio.QualityTools.Tips.UnitTest.Adapter, Version=10.0.0.0, Culture=neutral, PublicKeyToken=b03f5f7f11d50a3a" className="MvcWebRole1.Tests.Controllers.HomeControllerTest, MvcWebRole1.Tests, Version=1.0.0.0, Culture=neutral, PublicKeyToken=null" name="Index" />
    </UnitTest>
    <UnitTest name="TestMethod1" storage="c:\users\richardm\documents\visual studio 2010\projects\unittestingsample\mvcwebrole1.tests\bin\debug\mvcwebrole1.tests.dll" id="40a235ea-a660-afed-e385-02b2a861971f">
      <Execution id="3a1d1202-c57e-4670-82fb-b33ba2da78be" />
      <TestMethod codeBase="c:/users/richardm/documents/visual studio 2010/Projects/UnitTestingSample/MvcWebRole1.Tests/bin/Debug/MvcWebRole1.Tests.DLL" adapterTypeName="Microsoft.VisualStudio.TestTools.TestTypes.Unit.UnitTestAdapter, Microsoft.VisualStudio.QualityTools.Tips.UnitTest.Adapter, Version=10.0.0.0, Culture=neutral, PublicKeyToken=b03f5f7f11d50a3a" className="MvcWebRole1.Tests.Services.ServicesTests, MvcWebRole1.Tests, Version=1.0.0.0, Culture=neutral, PublicKeyToken=null" name="TestMethod1" />
    </UnitTest>
    <UnitTest name="About" storage="c:\users\richardm\documents\visual studio 2010\projects\unittestingsample\mvcwebrole1.tests\bin\debug\mvcwebrole1.tests.dll" id="524b53cc-3b76-8996-3740-bbb09098c872">
      <Execution id="74a5dff8-158a-4dc3-bd20-b66243320d64" />
      <TestMethod codeBase="c:/users/richardm/documents/visual studio 2010/Projects/UnitTestingSample/MvcWebRole1.Tests/bin/Debug/MvcWebRole1.Tests.DLL" adapterTypeName="Microsoft.VisualStudio.TestTools.TestTypes.Unit.UnitTestAdapter, Microsoft.VisualStudio.QualityTools.Tips.UnitTest.Adapter, Version=10.0.0.0, Culture=neutral, PublicKeyToken=b03f5f7f11d50a3a" className="MvcWebRole1.Tests.Controllers.HomeControllerTest, MvcWebRole1.Tests, Version=1.0.0.0, Culture=neutral, PublicKeyToken=null" name="About" />
    </UnitTest>
    <UnitTest name="TestAddNumbersSuccess" storage="c:\users\richardm\documents\visual studio 2010\projects\unittestingsample\mvcwebrole1.tests\bin\debug\mvcwebrole1.tests.dll" id="cf1f080a-ebbb-70ef-9e04-88ba7a25df0f">
      <Execution id="6edc9be3-bf28-4a48-afd2-9f6e1acb1ff7" />
      <TestMethod codeBase="c:/users/richardm/documents/visual studio 2010/Projects/UnitTestingSample/MvcWebRole1.Tests/bin/Debug/MvcWebRole1.Tests.DLL" adapterTypeName="Microsoft.VisualStudio.TestTools.TestTypes.Unit.UnitTestAdapter, Microsoft.VisualStudio.QualityTools.Tips.UnitTest.Adapter, Version=10.0.0.0, Culture=neutral, PublicKeyToken=b03f5f7f11d50a3a" className="MvcWebRole1.Tests.Scripts.MathUnitTests, MvcWebRole1.Tests, Version=1.0.0.0, Culture=neutral, PublicKeyToken=null" name="TestAddNumbersSuccess" />
    </UnitTest>
    <UnitTest name="TestAddNumbers" storage="c:\users\richardm\documents\visual studio 2010\projects\unittestingsample\mvcwebrole1.tests\bin\debug\mvcwebrole1.tests.dll" id="3f2cdce8-9ccd-2cd9-3718-edbdc6b48b1f">
      <Execution id="69f10d39-1338-4e20-8162-6d64b9217074" />
      <TestMethod codeBase="c:/users/richardm/documents/visual studio 2010/Projects/UnitTestingSample/MvcWebRole1.Tests/bin/Debug/MvcWebRole1.Tests.DLL" adapterTypeName="Microsoft.VisualStudio.TestTools.TestTypes.Unit.UnitTestAdapter, Microsoft.VisualStudio.QualityTools.Tips.UnitTest.Adapter, Version=10.0.0.0, Culture=neutral, PublicKeyToken=b03f5f7f11d50a3a" className="MvcWebRole1.Tests.Scripts.MathUnitTests, MvcWebRole1.Tests, Version=1.0.0.0, Culture=neutral, PublicKeyToken=null" name="TestAddNumbers" />
    </UnitTest>
  </TestDefinitions>
  <TestLists>
    <TestList name="Results Not in a List" id="8c84fa94-04c1-424b-9868-57a2d4851a1d" />
    <TestList name="All Loaded Results" id="19431567-8539-422a-85d7-44ee4e166bda" />
  </TestLists>
  <TestEntries>
    <TestEntry testId="3f2cdce8-9ccd-2cd9-3718-edbdc6b48b1f" executionId="69f10d39-1338-4e20-8162-6d64b9217074" testListId="8c84fa94-04c1-424b-9868-57a2d4851a1d" />
    <TestEntry testId="40a235ea-a660-afed-e385-02b2a861971f" executionId="3a1d1202-c57e-4670-82fb-b33ba2da78be" testListId="8c84fa94-04c1-424b-9868-57a2d4851a1d" />
    <TestEntry testId="524b53cc-3b76-8996-3740-bbb09098c872" executionId="74a5dff8-158a-4dc3-bd20-b66243320d64" testListId="8c84fa94-04c1-424b-9868-57a2d4851a1d" />
    <TestEntry testId="c5837eb8-4f9f-bb3d-b390-1b51c70134c9" executionId="482bff4f-ca04-42d7-8bc8-a69a2be65bd9" testListId="8c84fa94-04c1-424b-9868-57a2d4851a1d" />
    <TestEntry testId="cf1f080a-ebbb-70ef-9e04-88ba7a25df0f" executionId="6edc9be3-bf28-4a48-afd2-9f6e1acb1ff7" testListId="8c84fa94-04c1-424b-9868-57a2d4851a1d" />
  </TestEntries>
  <Results>
    <UnitTestResult executionId="69f10d39-1338-4e20-8162-6d64b9217074" testId="3f2cdce8-9ccd-2cd9-3718-edbdc6b48b1f" testName="TestAddNumbers" computerName="LTRICHARDM" duration="00:00:03.4595092" startTime="2012-01-27T16:07:09.8120093-05:00" endTime="2012-01-27T16:07:15.0535334-05:00" testType="13cdc9d9-ddb5-4fa4-a97d-d965ccfc6d4b" outcome="Failed" testListId="8c84fa94-04c1-424b-9868-57a2d4851a1d" relativeResultsDirectory="69f10d39-1338-4e20-8162-6d64b9217074">
      <Output>
        <ErrorInfo>
          <Message>Expected value 4 is not equal to 5. addNumbers did not work!</Message>
          <StackTrace>   at MvcWebRole1.Tests.Scripts.JavaScriptTestHelper.ExecuteTest(String testMethodName) in c:\users\richardm\documents\visual studio 2010\Projects\UnitTestingSample\MvcWebRole1.Tests\Scripts\JavaScriptTestHelpers.cs:line 70
   at MvcWebRole1.Tests.Scripts.MathUnitTests.TestAddNumbers() in c:\users\richardm\documents\visual studio 2010\Projects\UnitTestingSample\MvcWebRole1.Tests\Scripts\MathUnitTests.cs:line 75
</StackTrace>
        </ErrorInfo>
        <TextMessages>
          <Message>Microsoft JScript runtime error 
Line: 7 Column: 12</Message>
        </TextMessages>
      </Output>
    </UnitTestResult>
    <UnitTestResult executionId="3a1d1202-c57e-4670-82fb-b33ba2da78be" testId="40a235ea-a660-afed-e385-02b2a861971f" testName="TestMethod1" computerName="LTRICHARDM" duration="00:00:00.0003122" startTime="2012-01-27T16:07:15.0595340-05:00" endTime="2012-01-27T16:07:15.0635344-05:00" testType="13cdc9d9-ddb5-4fa4-a97d-d965ccfc6d4b" outcome="Passed" testListId="8c84fa94-04c1-424b-9868-57a2d4851a1d" relativeResultsDirectory="3a1d1202-c57e-4670-82fb-b33ba2da78be">
    </UnitTestResult>
    <UnitTestResult executionId="74a5dff8-158a-4dc3-bd20-b66243320d64" testId="524b53cc-3b76-8996-3740-bbb09098c872" testName="About" computerName="LTRICHARDM" duration="00:00:00.0598883" startTime="2012-01-27T16:07:15.0775358-05:00" endTime="2012-01-27T16:07:15.1425423-05:00" testType="13cdc9d9-ddb5-4fa4-a97d-d965ccfc6d4b" outcome="Passed" testListId="8c84fa94-04c1-424b-9868-57a2d4851a1d" relativeResultsDirectory="74a5dff8-158a-4dc3-bd20-b66243320d64">
    </UnitTestResult>
    <UnitTestResult executionId="482bff4f-ca04-42d7-8bc8-a69a2be65bd9" testId="c5837eb8-4f9f-bb3d-b390-1b51c70134c9" testName="Index" computerName="LTRICHARDM" duration="00:00:00.1399547" startTime="2012-01-27T16:07:15.1475428-05:00" endTime="2012-01-27T16:07:15.2925573-05:00" testType="13cdc9d9-ddb5-4fa4-a97d-d965ccfc6d4b" outcome="Passed" testListId="8c84fa94-04c1-424b-9868-57a2d4851a1d" relativeResultsDirectory="482bff4f-ca04-42d7-8bc8-a69a2be65bd9">
    </UnitTestResult>
    <UnitTestResult executionId="6edc9be3-bf28-4a48-afd2-9f6e1acb1ff7" testId="cf1f080a-ebbb-70ef-9e04-88ba7a25df0f" testName="TestAddNumbersSuccess" computerName="LTRICHARDM" duration="00:00:00.0108579" startTime="2012-01-27T16:07:15.2985579-05:00" endTime="2012-01-27T16:07:15.3145595-05:00" testType="13cdc9d9-ddb5-4fa4-a97d-d965ccfc6d4b" outcome="Passed" testListId="8c84fa94-04c1-424b-9868-57a2d4851a1d" relativeResultsDirectory="6edc9be3-bf28-4a48-afd2-9f6e1acb1ff7">
    </UnitTestResult>
  </Results>
</TestRun>