<?xml version="1.0" encoding="UTF-8"?>
<TestRun id="c8cdfd6d-7206-4d57-b449-e1491ad7b096" name="RichardM@LTRICHARDM 2012-01-27 15:22:00" runUser="CORP\RichardM" xmlns="http://microsoft.com/schemas/VisualStudio/TeamTest/2010">
  <TestSettings name="TestSettings1" id="b9022bd2-ce42-43f0-9a40-c773c8d5ab86">
    <Description>These are default test settings for a local test run.</Description>
    <Deployment runDeploymentRoot="RichardM_LTRICHARDM 2012-01-27 15_22_00">
      <DeploymentItem filename="c:\users\richardm\documents\visual studio 2010\Projects\UnitTestingSample\MvcWebRole1\bin\MvcWebRole1.dll" />
      <DeploymentItem filename="MvcWebRole1.Tests\Scripts\" />
      <DeploymentItem filename="c:\users\richardm\documents\visual studio 2010\Projects\UnitTestingSample\BusiniessEntities\bin\Debug\BusiniessEntities.dll" />
      <DeploymentItem filename="c:\users\richardm\documents\visual studio 2010\Projects\UnitTestingSample\ServiceLayer\bin\Debug\ServiceLayer.dll" />
    </Deployment>
    <Execution>
      <TestTypeSpecific>
        <UnitTestRunConfig testTypeId="13cdc9d9-ddb5-4fa4-a97d-d965ccfc6d4b">
          <AssemblyResolution>
            <TestDirectory useLoadContext="true" />
          </AssemblyResolution>
        </UnitTestRunConfig>
        <WebTestRunConfiguration testTypeId="4e7599fa-5ecb-43e9-a887-cd63cf72d207">
          <Browser name="Internet Explorer 7.0">
            <Headers>
              <Header name="User-Agent" value="Mozilla/4.0 (compatible; MSIE 7.0; Windows NT 5.1)" />
              <Header name="Accept" value="*/*" />
              <Header name="Accept-Language" value="{{$IEAcceptLanguage}}" />
              <Header name="Accept-Encoding" value="GZIP" />
            </Headers>
          </Browser>
        </WebTestRunConfiguration>
      </TestTypeSpecific>
      <AgentRule name="LocalMachineDefaultRole">
      </AgentRule>
    </Execution>
  </TestSettings>
  <Times creation="2012-01-27T15:22:00.0040556-05:00" queuing="2012-01-27T15:22:00.0040556-05:00" start="2012-01-27T15:22:00.0040556-05:00" finish="2012-01-27T15:22:00.6061158-05:00" />
  <ResultSummary outcome="Error">
    <Counters total="4" error="0" failed="0" timeout="0" aborted="0" inconclusive="0" passedButRunAborted="0" notRunnable="0" notExecuted="4" disconnected="0" warning="0" passed="0" completed="0" inProgress="0" pending="0" />
    <RunInfos>
      <RunInfo computerName="LTRICHARDM" outcome="Error" timestamp="2012-01-27T15:22:00.6011153-05:00">
        <Text>Test host process exited unexpectedly.</Text>
      </RunInfo>
      <RunInfo computerName="LTRICHARDM" outcome="Error" timestamp="2012-01-27T15:22:00.6051157-05:00">
        <Text>Failed to queue test run 'RichardM@LTRICHARDM 2012-01-27 15:22:00': Unable to start the agent process. </Text>
        <Exception>Microsoft.VisualStudio.TestTools.Exceptions.EqtException: Unable to start the agent process. 
   at Microsoft.VisualStudio.TestTools.TestManagement.LocalControllerProxy.PrepareProcess(TestRun run)
   at Microsoft.VisualStudio.TestTools.TestManagement.LocalControllerProxy.InitializeController(TestRun run)
   at Microsoft.VisualStudio.TestTools.TestManagement.ControllerProxy.QueueTestRunWorker(Object state)</Exception>
      </RunInfo>
    </RunInfos>
  </ResultSummary>
  <TestDefinitions>
    <UnitTest name="Index" storage="c:\users\richardm\documents\visual studio 2010\projects\unittestingsample\mvcwebrole1.tests\bin\debug\mvcwebrole1.tests.dll" id="c5837eb8-4f9f-bb3d-b390-1b51c70134c9">
      <Execution id="21186c15-6e1c-499c-8f9d-b94997dd43ad" />
      <TestMethod codeBase="c:/users/richardm/documents/visual studio 2010/Projects/UnitTestingSample/MvcWebRole1.Tests/bin/Debug/MvcWebRole1.Tests.DLL" adapterTypeName="Microsoft.VisualStudio.TestTools.TestTypes.Unit.UnitTestAdapter, Microsoft.VisualStudio.QualityTools.Tips.UnitTest.Adapter, Version=10.0.0.0, Culture=neutral, PublicKeyToken=b03f5f7f11d50a3a" className="MvcWebRole1.Tests.Controllers.HomeControllerTest, MvcWebRole1.Tests, Version=1.0.0.0, Culture=neutral, PublicKeyToken=null" name="Index" />
    </UnitTest>
    <UnitTest name="TestMethod1" storage="c:\users\richardm\documents\visual studio 2010\projects\unittestingsample\mvcwebrole1.tests\bin\debug\mvcwebrole1.tests.dll" id="40a235ea-a660-afed-e385-02b2a861971f">
      <Execution id="3db89db2-c51b-4cd4-b13d-5847dc562cad" />
      <TestMethod codeBase="c:/users/richardm/documents/visual studio 2010/Projects/UnitTestingSample/MvcWebRole1.Tests/bin/Debug/MvcWebRole1.Tests.DLL" adapterTypeName="Microsoft.VisualStudio.TestTools.TestTypes.Unit.UnitTestAdapter, Microsoft.VisualStudio.QualityTools.Tips.UnitTest.Adapter, Version=10.0.0.0, Culture=neutral, PublicKeyToken=b03f5f7f11d50a3a" className="MvcWebRole1.Tests.Services.ServicesTests, MvcWebRole1.Tests, Version=1.0.0.0, Culture=neutral, PublicKeyToken=null" name="TestMethod1" />
    </UnitTest>
    <UnitTest name="About" storage="c:\users\richardm\documents\visual studio 2010\projects\unittestingsample\mvcwebrole1.tests\bin\debug\mvcwebrole1.tests.dll" id="524b53cc-3b76-8996-3740-bbb09098c872">
      <Execution id="491d7608-c834-4ddb-a96c-c4058643604c" />
      <TestMethod codeBase="c:/users/richardm/documents/visual studio 2010/Projects/UnitTestingSample/MvcWebRole1.Tests/bin/Debug/MvcWebRole1.Tests.DLL" adapterTypeName="Microsoft.VisualStudio.TestTools.TestTypes.Unit.UnitTestAdapter, Microsoft.VisualStudio.QualityTools.Tips.UnitTest.Adapter, Version=10.0.0.0, Culture=neutral, PublicKeyToken=b03f5f7f11d50a3a" className="MvcWebRole1.Tests.Controllers.HomeControllerTest, MvcWebRole1.Tests, Version=1.0.0.0, Culture=neutral, PublicKeyToken=null" name="About" />
    </UnitTest>
    <UnitTest name="TestAddNumbers" storage="c:\users\richardm\documents\visual studio 2010\projects\unittestingsample\mvcwebrole1.tests\bin\debug\mvcwebrole1.tests.dll" id="3f2cdce8-9ccd-2cd9-3718-edbdc6b48b1f">
      <Execution id="aa6f2de4-8b2f-4404-ba97-a424c120a058" />
      <TestMethod codeBase="c:/users/richardm/documents/visual studio 2010/Projects/UnitTestingSample/MvcWebRole1.Tests/bin/Debug/MvcWebRole1.Tests.DLL" adapterTypeName="Microsoft.VisualStudio.TestTools.TestTypes.Unit.UnitTestAdapter, Microsoft.VisualStudio.QualityTools.Tips.UnitTest.Adapter, Version=10.0.0.0, Culture=neutral, PublicKeyToken=b03f5f7f11d50a3a" className="MvcWebRole1.Tests.Scripts.MathUnitTests, MvcWebRole1.Tests, Version=1.0.0.0, Culture=neutral, PublicKeyToken=null" name="TestAddNumbers" />
    </UnitTest>
  </TestDefinitions>
  <TestLists>
    <TestList name="Results Not in a List" id="8c84fa94-04c1-424b-9868-57a2d4851a1d" />
    <TestList name="All Loaded Results" id="19431567-8539-422a-85d7-44ee4e166bda" />
  </TestLists>
  <TestEntries>
    <TestEntry testId="3f2cdce8-9ccd-2cd9-3718-edbdc6b48b1f" executionId="aa6f2de4-8b2f-4404-ba97-a424c120a058" testListId="8c84fa94-04c1-424b-9868-57a2d4851a1d" />
    <TestEntry testId="40a235ea-a660-afed-e385-02b2a861971f" executionId="3db89db2-c51b-4cd4-b13d-5847dc562cad" testListId="8c84fa94-04c1-424b-9868-57a2d4851a1d" />
    <TestEntry testId="524b53cc-3b76-8996-3740-bbb09098c872" executionId="491d7608-c834-4ddb-a96c-c4058643604c" testListId="8c84fa94-04c1-424b-9868-57a2d4851a1d" />
    <TestEntry testId="c5837eb8-4f9f-bb3d-b390-1b51c70134c9" executionId="21186c15-6e1c-499c-8f9d-b94997dd43ad" testListId="8c84fa94-04c1-424b-9868-57a2d4851a1d" />
  </TestEntries>
  <Results>
    <UnitTestResult executionId="aa6f2de4-8b2f-4404-ba97-a424c120a058" testId="3f2cdce8-9ccd-2cd9-3718-edbdc6b48b1f" testName="TestAddNumbers" computerName="LTRICHARDM" testType="13cdc9d9-ddb5-4fa4-a97d-d965ccfc6d4b" outcome="NotExecuted" testListId="8c84fa94-04c1-424b-9868-57a2d4851a1d" relativeResultsDirectory="aa6f2de4-8b2f-4404-ba97-a424c120a058">
    </UnitTestResult>
    <UnitTestResult executionId="3db89db2-c51b-4cd4-b13d-5847dc562cad" testId="40a235ea-a660-afed-e385-02b2a861971f" testName="TestMethod1" computerName="LTRICHARDM" testType="13cdc9d9-ddb5-4fa4-a97d-d965ccfc6d4b" outcome="NotExecuted" testListId="8c84fa94-04c1-424b-9868-57a2d4851a1d" relativeResultsDirectory="3db89db2-c51b-4cd4-b13d-5847dc562cad">
    </UnitTestResult>
    <UnitTestResult executionId="491d7608-c834-4ddb-a96c-c4058643604c" testId="524b53cc-3b76-8996-3740-bbb09098c872" testName="About" computerName="LTRICHARDM" testType="13cdc9d9-ddb5-4fa4-a97d-d965ccfc6d4b" outcome="NotExecuted" testListId="8c84fa94-04c1-424b-9868-57a2d4851a1d" relativeResultsDirectory="491d7608-c834-4ddb-a96c-c4058643604c">
    </UnitTestResult>
    <UnitTestResult executionId="21186c15-6e1c-499c-8f9d-b94997dd43ad" testId="c5837eb8-4f9f-bb3d-b390-1b51c70134c9" testName="Index" computerName="LTRICHARDM" testType="13cdc9d9-ddb5-4fa4-a97d-d965ccfc6d4b" outcome="NotExecuted" testListId="8c84fa94-04c1-424b-9868-57a2d4851a1d" relativeResultsDirectory="21186c15-6e1c-499c-8f9d-b94997dd43ad">
    </UnitTestResult>
  </Results>
</TestRun>