<?xml version="1.0" encoding="UTF-8"?>
<TestRun id="c215358c-67c1-4f91-bf8c-d65162e14b39" name="RichardM@LTRICHARDM 2012-01-27 16:02:43" runUser="CORP\RichardM" xmlns="http://microsoft.com/schemas/VisualStudio/TeamTest/2010">
  <TestSettings name="TestSettings1" id="b9022bd2-ce42-43f0-9a40-c773c8d5ab86">
    <Description>These are default test settings for a local test run.</Description>
    <Deployment runDeploymentRoot="RichardM_LTRICHARDM 2012-01-27 16_02_43">
      <DeploymentItem filename="c:\users\richardm\documents\visual studio 2010\Projects\UnitTestingSample\MvcWebRole1\bin\MvcWebRole1.dll" />
      <DeploymentItem filename="MvcWebRole1.Tests\Scripts\" />
      <DeploymentItem filename="c:\users\richardm\documents\visual studio 2010\Projects\UnitTestingSample\BusiniessEntities\bin\Debug\BusiniessEntities.dll" />
      <DeploymentItem filename="c:\users\richardm\documents\visual studio 2010\Projects\UnitTestingSample\ServiceLayer\bin\Debug\ServiceLayer.dll" />
    </Deployment>
    <Execution>
      <TestTypeSpecific>
        <UnitTestRunConfig testTypeId="13cdc9d9-ddb5-4fa4-a97d-d965ccfc6d4b">
          <AssemblyResolution>
            <TestDirectory useLoadContext="true" />
          </AssemblyResolution>
        </UnitTestRunConfig>
        <WebTestRunConfiguration testTypeId="4e7599fa-5ecb-43e9-a887-cd63cf72d207">
          <Browser name="Internet Explorer 7.0">
            <Headers>
              <Header name="User-Agent" value="Mozilla/4.0 (compatible; MSIE 7.0; Windows NT 5.1)" />
              <Header name="Accept" value="*/*" />
              <Header name="Accept-Language" value="{{$IEAcceptLanguage}}" />
              <Header name="Accept-Encoding" value="GZIP" />
            </Headers>
          </Browser>
        </WebTestRunConfiguration>
      </TestTypeSpecific>
      <AgentRule name="LocalMachineDefaultRole">
      </AgentRule>
    </Execution>
  </TestSettings>
  <Times creation="2012-01-27T16:02:43.6413949-05:00" queuing="2012-01-27T16:02:46.8267134-05:00" start="2012-01-27T16:02:47.1167424-05:00" finish="2012-01-27T16:02:52.6993006-05:00" />
  <ResultSummary outcome="Error">
    <Counters total="5" executed="1" error="0" failed="0" timeout="0" aborted="1" inconclusive="0" passedButRunAborted="0" notRunnable="0" notExecuted="4" disconnected="0" warning="0" passed="0" completed="0" inProgress="0" pending="0" />
    <RunInfos>
      <RunInfo computerName="LTRICHARDM" outcome="Error" timestamp="2012-01-27T16:02:52.6983005-05:00">
        <Text>Test host process exited unexpectedly.</Text>
      </RunInfo>
    </RunInfos>
  </ResultSummary>
  <TestDefinitions>
    <UnitTest name="Index" storage="c:\users\richardm\documents\visual studio 2010\projects\unittestingsample\mvcwebrole1.tests\bin\debug\mvcwebrole1.tests.dll" id="c5837eb8-4f9f-bb3d-b390-1b51c70134c9">
      <Execution id="746d1317-a012-477d-9035-ba14d0ac886c" />
      <TestMethod codeBase="c:/users/richardm/documents/visual studio 2010/Projects/UnitTestingSample/MvcWebRole1.Tests/bin/Debug/MvcWebRole1.Tests.DLL" adapterTypeName="Microsoft.VisualStudio.TestTools.TestTypes.Unit.UnitTestAdapter, Microsoft.VisualStudio.QualityTools.Tips.UnitTest.Adapter, Version=10.0.0.0, Culture=neutral, PublicKeyToken=b03f5f7f11d50a3a" className="MvcWebRole1.Tests.Controllers.HomeControllerTest, MvcWebRole1.Tests, Version=1.0.0.0, Culture=neutral, PublicKeyToken=null" name="Index" />
    </UnitTest>
    <UnitTest name="TestMethod1" storage="c:\users\richardm\documents\visual studio 2010\projects\unittestingsample\mvcwebrole1.tests\bin\debug\mvcwebrole1.tests.dll" id="40a235ea-a660-afed-e385-02b2a861971f">
      <Execution id="e228c955-3884-4f4a-bb86-e96e55352476" />
      <TestMethod codeBase="c:/users/richardm/documents/visual studio 2010/Projects/UnitTestingSample/MvcWebRole1.Tests/bin/Debug/MvcWebRole1.Tests.DLL" adapterTypeName="Microsoft.VisualStudio.TestTools.TestTypes.Unit.UnitTestAdapter, Microsoft.VisualStudio.QualityTools.Tips.UnitTest.Adapter, Version=10.0.0.0, Culture=neutral, PublicKeyToken=b03f5f7f11d50a3a" className="MvcWebRole1.Tests.Services.ServicesTests, MvcWebRole1.Tests, Version=1.0.0.0, Culture=neutral, PublicKeyToken=null" name="TestMethod1" />
    </UnitTest>
    <UnitTest name="About" storage="c:\users\richardm\documents\visual studio 2010\projects\unittestingsample\mvcwebrole1.tests\bin\debug\mvcwebrole1.tests.dll" id="524b53cc-3b76-8996-3740-bbb09098c872">
      <Execution id="fa4c18ad-9cd8-4903-b860-ffcbc9b80210" />
      <TestMethod codeBase="c:/users/richardm/documents/visual studio 2010/Projects/UnitTestingSample/MvcWebRole1.Tests/bin/Debug/MvcWebRole1.Tests.DLL" adapterTypeName="Microsoft.VisualStudio.TestTools.TestTypes.Unit.UnitTestAdapter, Microsoft.VisualStudio.QualityTools.Tips.UnitTest.Adapter, Version=10.0.0.0, Culture=neutral, PublicKeyToken=b03f5f7f11d50a3a" className="MvcWebRole1.Tests.Controllers.HomeControllerTest, MvcWebRole1.Tests, Version=1.0.0.0, Culture=neutral, PublicKeyToken=null" name="About" />
    </UnitTest>
    <UnitTest name="TestAddNumbersSuccess" storage="c:\users\richardm\documents\visual studio 2010\projects\unittestingsample\mvcwebrole1.tests\bin\debug\mvcwebrole1.tests.dll" id="cf1f080a-ebbb-70ef-9e04-88ba7a25df0f">
      <Execution id="31c0e9de-486b-4690-9877-63db728fde17" />
      <TestMethod codeBase="c:/users/richardm/documents/visual studio 2010/Projects/UnitTestingSample/MvcWebRole1.Tests/bin/Debug/MvcWebRole1.Tests.DLL" adapterTypeName="Microsoft.VisualStudio.TestTools.TestTypes.Unit.UnitTestAdapter, Microsoft.VisualStudio.QualityTools.Tips.UnitTest.Adapter, Version=10.0.0.0, Culture=neutral, PublicKeyToken=b03f5f7f11d50a3a" className="MvcWebRole1.Tests.Scripts.MathUnitTests, MvcWebRole1.Tests, Version=1.0.0.0, Culture=neutral, PublicKeyToken=null" name="TestAddNumbersSuccess" />
    </UnitTest>
    <UnitTest name="TestAddNumbers" storage="c:\users\richardm\documents\visual studio 2010\projects\unittestingsample\mvcwebrole1.tests\bin\debug\mvcwebrole1.tests.dll" id="3f2cdce8-9ccd-2cd9-3718-edbdc6b48b1f">
      <Execution id="08499ad4-3fb2-44fb-84b7-51d677505917" />
      <TestMethod codeBase="c:/users/richardm/documents/visual studio 2010/Projects/UnitTestingSample/MvcWebRole1.Tests/bin/Debug/MvcWebRole1.Tests.DLL" adapterTypeName="Microsoft.VisualStudio.TestTools.TestTypes.Unit.UnitTestAdapter, Microsoft.VisualStudio.QualityTools.Tips.UnitTest.Adapter, Version=10.0.0.0, Culture=neutral, PublicKeyToken=b03f5f7f11d50a3a" className="MvcWebRole1.Tests.Scripts.MathUnitTests, MvcWebRole1.Tests, Version=1.0.0.0, Culture=neutral, PublicKeyToken=null" name="TestAddNumbers" />
    </UnitTest>
  </TestDefinitions>
  <TestLists>
    <TestList name="Results Not in a List" id="8c84fa94-04c1-424b-9868-57a2d4851a1d" />
    <TestList name="All Loaded Results" id="19431567-8539-422a-85d7-44ee4e166bda" />
  </TestLists>
  <TestEntries>
    <TestEntry testId="3f2cdce8-9ccd-2cd9-3718-edbdc6b48b1f" executionId="08499ad4-3fb2-44fb-84b7-51d677505917" testListId="8c84fa94-04c1-424b-9868-57a2d4851a1d" />
    <TestEntry testId="40a235ea-a660-afed-e385-02b2a861971f" executionId="e228c955-3884-4f4a-bb86-e96e55352476" testListId="8c84fa94-04c1-424b-9868-57a2d4851a1d" />
    <TestEntry testId="524b53cc-3b76-8996-3740-bbb09098c872" executionId="fa4c18ad-9cd8-4903-b860-ffcbc9b80210" testListId="8c84fa94-04c1-424b-9868-57a2d4851a1d" />
    <TestEntry testId="c5837eb8-4f9f-bb3d-b390-1b51c70134c9" executionId="746d1317-a012-477d-9035-ba14d0ac886c" testListId="8c84fa94-04c1-424b-9868-57a2d4851a1d" />
    <TestEntry testId="cf1f080a-ebbb-70ef-9e04-88ba7a25df0f" executionId="31c0e9de-486b-4690-9877-63db728fde17" testListId="8c84fa94-04c1-424b-9868-57a2d4851a1d" />
  </TestEntries>
  <Results>
    <UnitTestResult executionId="08499ad4-3fb2-44fb-84b7-51d677505917" testId="3f2cdce8-9ccd-2cd9-3718-edbdc6b48b1f" testName="TestAddNumbers" computerName="LTRICHARDM" duration="00:00:05.4185418" startTime="2012-01-27T16:02:47.2807588-05:00" endTime="2012-01-27T16:02:52.6993006-05:00" testType="13cdc9d9-ddb5-4fa4-a97d-d965ccfc6d4b" outcome="Aborted" testListId="8c84fa94-04c1-424b-9868-57a2d4851a1d" relativeResultsDirectory="08499ad4-3fb2-44fb-84b7-51d677505917">
    </UnitTestResult>
    <UnitTestResult executionId="e228c955-3884-4f4a-bb86-e96e55352476" testId="40a235ea-a660-afed-e385-02b2a861971f" testName="TestMethod1" computerName="LTRICHARDM" testType="13cdc9d9-ddb5-4fa4-a97d-d965ccfc6d4b" outcome="NotExecuted" testListId="8c84fa94-04c1-424b-9868-57a2d4851a1d" relativeResultsDirectory="e228c955-3884-4f4a-bb86-e96e55352476">
    </UnitTestResult>
    <UnitTestResult executionId="fa4c18ad-9cd8-4903-b860-ffcbc9b80210" testId="524b53cc-3b76-8996-3740-bbb09098c872" testName="About" computerName="LTRICHARDM" testType="13cdc9d9-ddb5-4fa4-a97d-d965ccfc6d4b" outcome="NotExecuted" testListId="8c84fa94-04c1-424b-9868-57a2d4851a1d" relativeResultsDirectory="fa4c18ad-9cd8-4903-b860-ffcbc9b80210">
    </UnitTestResult>
    <UnitTestResult executionId="746d1317-a012-477d-9035-ba14d0ac886c" testId="c5837eb8-4f9f-bb3d-b390-1b51c70134c9" testName="Index" computerName="LTRICHARDM" testType="13cdc9d9-ddb5-4fa4-a97d-d965ccfc6d4b" outcome="NotExecuted" testListId="8c84fa94-04c1-424b-9868-57a2d4851a1d" relativeResultsDirectory="746d1317-a012-477d-9035-ba14d0ac886c">
    </UnitTestResult>
    <UnitTestResult executionId="31c0e9de-486b-4690-9877-63db728fde17" testId="cf1f080a-ebbb-70ef-9e04-88ba7a25df0f" testName="TestAddNumbersSuccess" computerName="LTRICHARDM" testType="13cdc9d9-ddb5-4fa4-a97d-d965ccfc6d4b" outcome="NotExecuted" testListId="8c84fa94-04c1-424b-9868-57a2d4851a1d" relativeResultsDirectory="31c0e9de-486b-4690-9877-63db728fde17">
    </UnitTestResult>
  </Results>
</TestRun>